  [1m[35m (0.1ms)[0m  [1m[34mSELECT sqlite_version(*)[0m
  ↳ bin/rails:4
  [1m[35m (11.5ms)[0m  [1m[35mCREATE TABLE "schema_migrations" ("version" varchar NOT NULL PRIMARY KEY)[0m
  ↳ bin/rails:4
  [1m[35m (9.6ms)[0m  [1m[35mCREATE TABLE "ar_internal_metadata" ("key" varchar NOT NULL PRIMARY KEY, "value" varchar, "created_at" datetime NOT NULL, "updated_at" datetime NOT NULL)[0m
  ↳ bin/rails:4
  [1m[35m (0.3ms)[0m  [1m[34mSELECT "schema_migrations"."version" FROM "schema_migrations" ORDER BY "schema_migrations"."version" ASC[0m
  ↳ bin/rails:4
Migrating to CreateBooks (20200904134546)
  [1m[35m (0.1ms)[0m  [1m[36mbegin transaction[0m
  ↳ bin/rails:4
  [1m[35m (1.2ms)[0m  [1m[35mCREATE TABLE "books" ("id" integer PRIMARY KEY AUTOINCREMENT NOT NULL, "title" varchar, "image" varchar, "author" varchar, "publisher_id" integer, "genre1_id" integer, "genre2_id" integer, "genre3_id" integer, "Impression" text, "created_at" datetime NOT NULL, "updated_at" datetime NOT NULL)[0m
  ↳ db/migrate/20200904134546_create_books.rb:3
  [1m[36mActiveRecord::SchemaMigration Create (0.3ms)[0m  [1m[32mINSERT INTO "schema_migrations" ("version") VALUES (?)[0m  [["version", "20200904134546"]]
  ↳ bin/rails:4
  [1m[35m (16.2ms)[0m  [1m[36mcommit transaction[0m
  ↳ bin/rails:4
Migrating to CreateGenres (20200904230708)
  [1m[35m (0.1ms)[0m  [1m[36mbegin transaction[0m
  ↳ bin/rails:4
  [1m[35m (4.3ms)[0m  [1m[35mCREATE TABLE "genres" ("id" integer PRIMARY KEY AUTOINCREMENT NOT NULL, "name" varchar, "created_at" datetime NOT NULL, "updated_at" datetime NOT NULL)[0m
  ↳ db/migrate/20200904230708_create_genres.rb:3
  [1m[36mActiveRecord::SchemaMigration Create (0.3ms)[0m  [1m[32mINSERT INTO "schema_migrations" ("version") VALUES (?)[0m  [["version", "20200904230708"]]
  ↳ bin/rails:4
  [1m[35m (11.3ms)[0m  [1m[36mcommit transaction[0m
  ↳ bin/rails:4
Migrating to CreatePublishers (20200904230729)
  [1m[35m (0.1ms)[0m  [1m[36mbegin transaction[0m
  ↳ bin/rails:4
  [1m[35m (0.9ms)[0m  [1m[35mCREATE TABLE "publishers" ("id" integer PRIMARY KEY AUTOINCREMENT NOT NULL, "name" varchar, "created_at" datetime NOT NULL, "updated_at" datetime NOT NULL)[0m
  ↳ db/migrate/20200904230729_create_publishers.rb:3
  [1m[36mActiveRecord::SchemaMigration Create (0.2ms)[0m  [1m[32mINSERT INTO "schema_migrations" ("version") VALUES (?)[0m  [["version", "20200904230729"]]
  ↳ bin/rails:4
  [1m[35m (10.4ms)[0m  [1m[36mcommit transaction[0m
  ↳ bin/rails:4
Migrating to CreateSummaries (20200904231755)
  [1m[35m (0.1ms)[0m  [1m[36mbegin transaction[0m
  ↳ bin/rails:4
  [1m[35m (5.8ms)[0m  [1m[35mCREATE TABLE "summaries" ("id" integer PRIMARY KEY AUTOINCREMENT NOT NULL, "book_id" integer, "section" varchar, "summary" varchar, "created_at" datetime NOT NULL, "updated_at" datetime NOT NULL)[0m
  ↳ db/migrate/20200904231755_create_summaries.rb:3
  [1m[36mActiveRecord::SchemaMigration Create (1.5ms)[0m  [1m[32mINSERT INTO "schema_migrations" ("version") VALUES (?)[0m  [["version", "20200904231755"]]
  ↳ bin/rails:4
  [1m[35m (9.8ms)[0m  [1m[36mcommit transaction[0m
  ↳ bin/rails:4
  [1m[36mActiveRecord::InternalMetadata Load (0.3ms)[0m  [1m[34mSELECT  "ar_internal_metadata".* FROM "ar_internal_metadata" WHERE "ar_internal_metadata"."key" = ? LIMIT ?[0m  [["key", "environment"], ["LIMIT", 1]]
  ↳ bin/rails:4
  [1m[35m (0.0ms)[0m  [1m[36mbegin transaction[0m
  ↳ bin/rails:4
  [1m[36mActiveRecord::InternalMetadata Create (0.9ms)[0m  [1m[32mINSERT INTO "ar_internal_metadata" ("key", "value", "created_at", "updated_at") VALUES (?, ?, ?, ?)[0m  [["key", "environment"], ["value", "development"], ["created_at", "2020-09-04 23:25:58.994504"], ["updated_at", "2020-09-04 23:25:58.994504"]]
  ↳ bin/rails:4
  [1m[35m (16.2ms)[0m  [1m[36mcommit transaction[0m
  ↳ bin/rails:4
  [1m[35m (0.4ms)[0m  [1m[34mSELECT "schema_migrations"."version" FROM "schema_migrations" ORDER BY "schema_migrations"."version" ASC[0m
  ↳ bin/rails:4
Started GET "/top" for ::1 at 2020-09-05 09:02:47 +0900
  [1m[35m (0.6ms)[0m  [1m[34mSELECT "schema_migrations"."version" FROM "schema_migrations" ORDER BY "schema_migrations"."version" ASC[0m
  ↳ C:/Ruby26-x64/lib/ruby/gems/2.6.0/gems/activerecord-5.2.4.3/lib/active_record/log_subscriber.rb:98
  
AbstractController::ActionNotFound (The action 'top' could not be found for BookController):
  
actionpack (5.2.4.3) lib/abstract_controller/base.rb:129:in `process'
actionview (5.2.4.3) lib/action_view/rendering.rb:32:in `process'
actionpack (5.2.4.3) lib/action_controller/metal.rb:191:in `dispatch'
actionpack (5.2.4.3) lib/action_controller/metal.rb:252:in `dispatch'
actionpack (5.2.4.3) lib/action_dispatch/routing/route_set.rb:52:in `dispatch'
actionpack (5.2.4.3) lib/action_dispatch/routing/route_set.rb:34:in `serve'
actionpack (5.2.4.3) lib/action_dispatch/journey/router.rb:52:in `block in serve'
actionpack (5.2.4.3) lib/action_dispatch/journey/router.rb:35:in `each'
actionpack (5.2.4.3) lib/action_dispatch/journey/router.rb:35:in `serve'
actionpack (5.2.4.3) lib/action_dispatch/routing/route_set.rb:840:in `call'
rack (2.2.3) lib/rack/tempfile_reaper.rb:15:in `call'
rack (2.2.3) lib/rack/etag.rb:27:in `call'
rack (2.2.3) lib/rack/conditional_get.rb:27:in `call'
rack (2.2.3) lib/rack/head.rb:12:in `call'
actionpack (5.2.4.3) lib/action_dispatch/http/content_security_policy.rb:18:in `call'
rack (2.2.3) lib/rack/session/abstract/id.rb:266:in `context'
rack (2.2.3) lib/rack/session/abstract/id.rb:260:in `call'
actionpack (5.2.4.3) lib/action_dispatch/middleware/cookies.rb:670:in `call'
activerecord (5.2.4.3) lib/active_record/migration.rb:559:in `call'
actionpack (5.2.4.3) lib/action_dispatch/middleware/callbacks.rb:28:in `block in call'
activesupport (5.2.4.3) lib/active_support/callbacks.rb:98:in `run_callbacks'
actionpack (5.2.4.3) lib/action_dispatch/middleware/callbacks.rb:26:in `call'
actionpack (5.2.4.3) lib/action_dispatch/middleware/executor.rb:14:in `call'
actionpack (5.2.4.3) lib/action_dispatch/middleware/debug_exceptions.rb:61:in `call'
web-console (3.7.0) lib/web_console/middleware.rb:135:in `call_app'
web-console (3.7.0) lib/web_console/middleware.rb:30:in `block in call'
web-console (3.7.0) lib/web_console/middleware.rb:20:in `catch'
web-console (3.7.0) lib/web_console/middleware.rb:20:in `call'
actionpack (5.2.4.3) lib/action_dispatch/middleware/show_exceptions.rb:33:in `call'
railties (5.2.4.3) lib/rails/rack/logger.rb:38:in `call_app'
railties (5.2.4.3) lib/rails/rack/logger.rb:26:in `block in call'
activesupport (5.2.4.3) lib/active_support/tagged_logging.rb:71:in `block in tagged'
activesupport (5.2.4.3) lib/active_support/tagged_logging.rb:28:in `tagged'
activesupport (5.2.4.3) lib/active_support/tagged_logging.rb:71:in `tagged'
railties (5.2.4.3) lib/rails/rack/logger.rb:26:in `call'
sprockets-rails (3.2.1) lib/sprockets/rails/quiet_assets.rb:13:in `call'
actionpack (5.2.4.3) lib/action_dispatch/middleware/remote_ip.rb:81:in `call'
actionpack (5.2.4.3) lib/action_dispatch/middleware/request_id.rb:27:in `call'
rack (2.2.3) lib/rack/method_override.rb:24:in `call'
rack (2.2.3) lib/rack/runtime.rb:22:in `call'
activesupport (5.2.4.3) lib/active_support/cache/strategy/local_cache_middleware.rb:29:in `call'
actionpack (5.2.4.3) lib/action_dispatch/middleware/executor.rb:14:in `call'
actionpack (5.2.4.3) lib/action_dispatch/middleware/static.rb:127:in `call'
rack (2.2.3) lib/rack/sendfile.rb:110:in `call'
railties (5.2.4.3) lib/rails/engine.rb:524:in `call'
puma (3.12.6) lib/puma/configuration.rb:227:in `call'
puma (3.12.6) lib/puma/server.rb:706:in `handle_request'
puma (3.12.6) lib/puma/server.rb:476:in `process_client'
puma (3.12.6) lib/puma/server.rb:334:in `block in run'
puma (3.12.6) lib/puma/thread_pool.rb:135:in `block in spawn_thread'
Started GET "/top" for ::1 at 2020-09-05 09:16:25 +0900
Processing by BookController#top as HTML
  Rendering book/top.html.erb within layouts/application
  Rendered book/top.html.erb within layouts/application (0.5ms)
Completed 200 OK in 1428ms (Views: 1413.8ms | ActiveRecord: 0.0ms)


Started GET "/top" for ::1 at 2020-09-05 09:17:19 +0900
Processing by BookController#top as HTML
  Rendering book/top.html.erb within layouts/application
  Rendered book/top.html.erb within layouts/application (0.6ms)
Completed 200 OK in 79ms (Views: 76.6ms | ActiveRecord: 0.0ms)


Started GET "/top" for ::1 at 2020-09-05 09:19:57 +0900
Processing by BookController#top as HTML
  Rendering book/top.html.erb within layouts/application
  Rendered book/top.html.erb within layouts/application (0.5ms)
Completed 200 OK in 159ms (Views: 155.8ms | ActiveRecord: 0.0ms)


Started GET "/top" for ::1 at 2020-09-05 09:22:36 +0900
Processing by BookController#top as HTML
  Rendering book/top.html.erb within layouts/application
  Rendered book/top.html.erb within layouts/application (0.5ms)
Completed 200 OK in 98ms (Views: 95.5ms | ActiveRecord: 0.0ms)


Started GET "/images/logo.jpg" for ::1 at 2020-09-05 09:22:36 +0900
  
ActionController::RoutingError (No route matches [GET] "/images/logo.jpg"):
  
actionpack (5.2.4.3) lib/action_dispatch/middleware/debug_exceptions.rb:65:in `call'
web-console (3.7.0) lib/web_console/middleware.rb:135:in `call_app'
web-console (3.7.0) lib/web_console/middleware.rb:30:in `block in call'
web-console (3.7.0) lib/web_console/middleware.rb:20:in `catch'
web-console (3.7.0) lib/web_console/middleware.rb:20:in `call'
actionpack (5.2.4.3) lib/action_dispatch/middleware/show_exceptions.rb:33:in `call'
railties (5.2.4.3) lib/rails/rack/logger.rb:38:in `call_app'
railties (5.2.4.3) lib/rails/rack/logger.rb:26:in `block in call'
activesupport (5.2.4.3) lib/active_support/tagged_logging.rb:71:in `block in tagged'
activesupport (5.2.4.3) lib/active_support/tagged_logging.rb:28:in `tagged'
activesupport (5.2.4.3) lib/active_support/tagged_logging.rb:71:in `tagged'
railties (5.2.4.3) lib/rails/rack/logger.rb:26:in `call'
sprockets-rails (3.2.1) lib/sprockets/rails/quiet_assets.rb:13:in `call'
actionpack (5.2.4.3) lib/action_dispatch/middleware/remote_ip.rb:81:in `call'
actionpack (5.2.4.3) lib/action_dispatch/middleware/request_id.rb:27:in `call'
rack (2.2.3) lib/rack/method_override.rb:24:in `call'
rack (2.2.3) lib/rack/runtime.rb:22:in `call'
activesupport (5.2.4.3) lib/active_support/cache/strategy/local_cache_middleware.rb:29:in `call'
actionpack (5.2.4.3) lib/action_dispatch/middleware/executor.rb:14:in `call'
actionpack (5.2.4.3) lib/action_dispatch/middleware/static.rb:127:in `call'
rack (2.2.3) lib/rack/sendfile.rb:110:in `call'
railties (5.2.4.3) lib/rails/engine.rb:524:in `call'
puma (3.12.6) lib/puma/configuration.rb:227:in `call'
puma (3.12.6) lib/puma/server.rb:706:in `handle_request'
puma (3.12.6) lib/puma/server.rb:476:in `process_client'
puma (3.12.6) lib/puma/server.rb:334:in `block in run'
puma (3.12.6) lib/puma/thread_pool.rb:135:in `block in spawn_thread'
Started GET "/top" for ::1 at 2020-09-05 09:24:27 +0900
Processing by BookController#top as HTML
  Rendering book/top.html.erb within layouts/application
  Rendered book/top.html.erb within layouts/application (0.4ms)
Completed 200 OK in 136ms (Views: 132.6ms | ActiveRecord: 0.0ms)


Started GET "/images/logo.jpg" for ::1 at 2020-09-05 09:24:27 +0900
  
ActionController::RoutingError (No route matches [GET] "/images/logo.jpg"):
  
actionpack (5.2.4.3) lib/action_dispatch/middleware/debug_exceptions.rb:65:in `call'
web-console (3.7.0) lib/web_console/middleware.rb:135:in `call_app'
web-console (3.7.0) lib/web_console/middleware.rb:30:in `block in call'
web-console (3.7.0) lib/web_console/middleware.rb:20:in `catch'
web-console (3.7.0) lib/web_console/middleware.rb:20:in `call'
actionpack (5.2.4.3) lib/action_dispatch/middleware/show_exceptions.rb:33:in `call'
railties (5.2.4.3) lib/rails/rack/logger.rb:38:in `call_app'
railties (5.2.4.3) lib/rails/rack/logger.rb:26:in `block in call'
activesupport (5.2.4.3) lib/active_support/tagged_logging.rb:71:in `block in tagged'
activesupport (5.2.4.3) lib/active_support/tagged_logging.rb:28:in `tagged'
activesupport (5.2.4.3) lib/active_support/tagged_logging.rb:71:in `tagged'
railties (5.2.4.3) lib/rails/rack/logger.rb:26:in `call'
sprockets-rails (3.2.1) lib/sprockets/rails/quiet_assets.rb:13:in `call'
actionpack (5.2.4.3) lib/action_dispatch/middleware/remote_ip.rb:81:in `call'
actionpack (5.2.4.3) lib/action_dispatch/middleware/request_id.rb:27:in `call'
rack (2.2.3) lib/rack/method_override.rb:24:in `call'
rack (2.2.3) lib/rack/runtime.rb:22:in `call'
activesupport (5.2.4.3) lib/active_support/cache/strategy/local_cache_middleware.rb:29:in `call'
actionpack (5.2.4.3) lib/action_dispatch/middleware/executor.rb:14:in `call'
actionpack (5.2.4.3) lib/action_dispatch/middleware/static.rb:127:in `call'
rack (2.2.3) lib/rack/sendfile.rb:110:in `call'
railties (5.2.4.3) lib/rails/engine.rb:524:in `call'
puma (3.12.6) lib/puma/configuration.rb:227:in `call'
puma (3.12.6) lib/puma/server.rb:706:in `handle_request'
puma (3.12.6) lib/puma/server.rb:476:in `process_client'
puma (3.12.6) lib/puma/server.rb:334:in `block in run'
puma (3.12.6) lib/puma/thread_pool.rb:135:in `block in spawn_thread'
Started GET "/top" for ::1 at 2020-09-05 09:25:12 +0900
Processing by BookController#top as HTML
  Rendering book/top.html.erb within layouts/application
  Rendered book/top.html.erb within layouts/application (3.4ms)
Completed 200 OK in 119ms (Views: 116.6ms | ActiveRecord: 0.0ms)


Started GET "/images/logo.jpg" for ::1 at 2020-09-05 09:25:12 +0900
  
ActionController::RoutingError (No route matches [GET] "/images/logo.jpg"):
  
actionpack (5.2.4.3) lib/action_dispatch/middleware/debug_exceptions.rb:65:in `call'
web-console (3.7.0) lib/web_console/middleware.rb:135:in `call_app'
web-console (3.7.0) lib/web_console/middleware.rb:30:in `block in call'
web-console (3.7.0) lib/web_console/middleware.rb:20:in `catch'
web-console (3.7.0) lib/web_console/middleware.rb:20:in `call'
actionpack (5.2.4.3) lib/action_dispatch/middleware/show_exceptions.rb:33:in `call'
railties (5.2.4.3) lib/rails/rack/logger.rb:38:in `call_app'
railties (5.2.4.3) lib/rails/rack/logger.rb:26:in `block in call'
activesupport (5.2.4.3) lib/active_support/tagged_logging.rb:71:in `block in tagged'
activesupport (5.2.4.3) lib/active_support/tagged_logging.rb:28:in `tagged'
activesupport (5.2.4.3) lib/active_support/tagged_logging.rb:71:in `tagged'
railties (5.2.4.3) lib/rails/rack/logger.rb:26:in `call'
sprockets-rails (3.2.1) lib/sprockets/rails/quiet_assets.rb:13:in `call'
actionpack (5.2.4.3) lib/action_dispatch/middleware/remote_ip.rb:81:in `call'
actionpack (5.2.4.3) lib/action_dispatch/middleware/request_id.rb:27:in `call'
rack (2.2.3) lib/rack/method_override.rb:24:in `call'
rack (2.2.3) lib/rack/runtime.rb:22:in `call'
activesupport (5.2.4.3) lib/active_support/cache/strategy/local_cache_middleware.rb:29:in `call'
actionpack (5.2.4.3) lib/action_dispatch/middleware/executor.rb:14:in `call'
actionpack (5.2.4.3) lib/action_dispatch/middleware/static.rb:127:in `call'
rack (2.2.3) lib/rack/sendfile.rb:110:in `call'
railties (5.2.4.3) lib/rails/engine.rb:524:in `call'
puma (3.12.6) lib/puma/configuration.rb:227:in `call'
puma (3.12.6) lib/puma/server.rb:706:in `handle_request'
puma (3.12.6) lib/puma/server.rb:476:in `process_client'
puma (3.12.6) lib/puma/server.rb:334:in `block in run'
puma (3.12.6) lib/puma/thread_pool.rb:135:in `block in spawn_thread'
Started GET "/top" for ::1 at 2020-09-05 09:26:17 +0900
Processing by BookController#top as HTML
  Rendering book/top.html.erb within layouts/application
  Rendered book/top.html.erb within layouts/application (0.5ms)
Completed 200 OK in 128ms (Views: 125.5ms | ActiveRecord: 0.0ms)


Started GET "/images/logo.jpg" for ::1 at 2020-09-05 09:26:17 +0900
  
ActionController::RoutingError (No route matches [GET] "/images/logo.jpg"):
  
actionpack (5.2.4.3) lib/action_dispatch/middleware/debug_exceptions.rb:65:in `call'
web-console (3.7.0) lib/web_console/middleware.rb:135:in `call_app'
web-console (3.7.0) lib/web_console/middleware.rb:30:in `block in call'
web-console (3.7.0) lib/web_console/middleware.rb:20:in `catch'
web-console (3.7.0) lib/web_console/middleware.rb:20:in `call'
actionpack (5.2.4.3) lib/action_dispatch/middleware/show_exceptions.rb:33:in `call'
railties (5.2.4.3) lib/rails/rack/logger.rb:38:in `call_app'
railties (5.2.4.3) lib/rails/rack/logger.rb:26:in `block in call'
activesupport (5.2.4.3) lib/active_support/tagged_logging.rb:71:in `block in tagged'
activesupport (5.2.4.3) lib/active_support/tagged_logging.rb:28:in `tagged'
activesupport (5.2.4.3) lib/active_support/tagged_logging.rb:71:in `tagged'
railties (5.2.4.3) lib/rails/rack/logger.rb:26:in `call'
sprockets-rails (3.2.1) lib/sprockets/rails/quiet_assets.rb:13:in `call'
actionpack (5.2.4.3) lib/action_dispatch/middleware/remote_ip.rb:81:in `call'
actionpack (5.2.4.3) lib/action_dispatch/middleware/request_id.rb:27:in `call'
rack (2.2.3) lib/rack/method_override.rb:24:in `call'
rack (2.2.3) lib/rack/runtime.rb:22:in `call'
activesupport (5.2.4.3) lib/active_support/cache/strategy/local_cache_middleware.rb:29:in `call'
actionpack (5.2.4.3) lib/action_dispatch/middleware/executor.rb:14:in `call'
actionpack (5.2.4.3) lib/action_dispatch/middleware/static.rb:127:in `call'
rack (2.2.3) lib/rack/sendfile.rb:110:in `call'
railties (5.2.4.3) lib/rails/engine.rb:524:in `call'
puma (3.12.6) lib/puma/configuration.rb:227:in `call'
puma (3.12.6) lib/puma/server.rb:706:in `handle_request'
puma (3.12.6) lib/puma/server.rb:476:in `process_client'
puma (3.12.6) lib/puma/server.rb:334:in `block in run'
puma (3.12.6) lib/puma/thread_pool.rb:135:in `block in spawn_thread'
Started GET "/top" for ::1 at 2020-09-05 09:26:51 +0900
Processing by BookController#top as HTML
  Rendering book/top.html.erb within layouts/application
  Rendered book/top.html.erb within layouts/application (0.4ms)
Completed 200 OK in 69ms (Views: 66.3ms | ActiveRecord: 0.0ms)


Started GET "/images/logo.jpg" for ::1 at 2020-09-05 09:26:51 +0900
  
ActionController::RoutingError (No route matches [GET] "/images/logo.jpg"):
  
actionpack (5.2.4.3) lib/action_dispatch/middleware/debug_exceptions.rb:65:in `call'
web-console (3.7.0) lib/web_console/middleware.rb:135:in `call_app'
web-console (3.7.0) lib/web_console/middleware.rb:30:in `block in call'
web-console (3.7.0) lib/web_console/middleware.rb:20:in `catch'
web-console (3.7.0) lib/web_console/middleware.rb:20:in `call'
actionpack (5.2.4.3) lib/action_dispatch/middleware/show_exceptions.rb:33:in `call'
railties (5.2.4.3) lib/rails/rack/logger.rb:38:in `call_app'
railties (5.2.4.3) lib/rails/rack/logger.rb:26:in `block in call'
activesupport (5.2.4.3) lib/active_support/tagged_logging.rb:71:in `block in tagged'
activesupport (5.2.4.3) lib/active_support/tagged_logging.rb:28:in `tagged'
activesupport (5.2.4.3) lib/active_support/tagged_logging.rb:71:in `tagged'
railties (5.2.4.3) lib/rails/rack/logger.rb:26:in `call'
sprockets-rails (3.2.1) lib/sprockets/rails/quiet_assets.rb:13:in `call'
actionpack (5.2.4.3) lib/action_dispatch/middleware/remote_ip.rb:81:in `call'
actionpack (5.2.4.3) lib/action_dispatch/middleware/request_id.rb:27:in `call'
rack (2.2.3) lib/rack/method_override.rb:24:in `call'
rack (2.2.3) lib/rack/runtime.rb:22:in `call'
activesupport (5.2.4.3) lib/active_support/cache/strategy/local_cache_middleware.rb:29:in `call'
actionpack (5.2.4.3) lib/action_dispatch/middleware/executor.rb:14:in `call'
actionpack (5.2.4.3) lib/action_dispatch/middleware/static.rb:127:in `call'
rack (2.2.3) lib/rack/sendfile.rb:110:in `call'
railties (5.2.4.3) lib/rails/engine.rb:524:in `call'
puma (3.12.6) lib/puma/configuration.rb:227:in `call'
puma (3.12.6) lib/puma/server.rb:706:in `handle_request'
puma (3.12.6) lib/puma/server.rb:476:in `process_client'
puma (3.12.6) lib/puma/server.rb:334:in `block in run'
puma (3.12.6) lib/puma/thread_pool.rb:135:in `block in spawn_thread'
Started GET "/top" for ::1 at 2020-09-05 09:27:07 +0900
Processing by BookController#top as HTML
  Rendering book/top.html.erb within layouts/application
  Rendered book/top.html.erb within layouts/application (1.0ms)
Completed 200 OK in 134ms (Views: 131.4ms | ActiveRecord: 0.0ms)


Started GET "/top" for ::1 at 2020-09-05 09:27:34 +0900
Processing by BookController#top as HTML
  Rendering book/top.html.erb within layouts/application
  Rendered book/top.html.erb within layouts/application (1.4ms)
Completed 200 OK in 129ms (Views: 127.0ms | ActiveRecord: 0.0ms)


Started GET "/top" for ::1 at 2020-09-05 09:48:35 +0900
Processing by BookController#top as HTML
  Rendering book/top.html.erb within layouts/application
  Rendered book/top.html.erb within layouts/application (0.8ms)
Completed 200 OK in 160ms (Views: 157.2ms | ActiveRecord: 0.0ms)


Started GET "/top" for ::1 at 2020-09-05 09:49:04 +0900
Processing by BookController#top as HTML
  Rendering book/top.html.erb within layouts/application
  Rendered book/top.html.erb within layouts/application (1.0ms)
Completed 200 OK in 148ms (Views: 145.5ms | ActiveRecord: 0.0ms)


Started GET "/top" for ::1 at 2020-09-05 09:49:07 +0900
Processing by BookController#top as HTML
  Rendering book/top.html.erb within layouts/application
  Rendered book/top.html.erb within layouts/application (1.0ms)
Completed 200 OK in 79ms (Views: 76.5ms | ActiveRecord: 0.0ms)


Started GET "/top" for ::1 at 2020-09-05 09:49:35 +0900
Processing by BookController#top as HTML
  Rendering book/top.html.erb within layouts/application
  Rendered book/top.html.erb within layouts/application (0.9ms)
Completed 200 OK in 137ms (Views: 131.4ms | ActiveRecord: 0.0ms)


Started GET "/top" for ::1 at 2020-09-05 09:50:28 +0900
Processing by BookController#top as HTML
  Rendering book/top.html.erb within layouts/application
  Rendered book/top.html.erb within layouts/application (1.6ms)
Completed 200 OK in 137ms (Views: 134.7ms | ActiveRecord: 0.0ms)


Started GET "/top" for ::1 at 2020-09-05 09:50:40 +0900
Processing by BookController#top as HTML
  Rendering book/top.html.erb within layouts/application
  Rendered book/top.html.erb within layouts/application (0.4ms)
Completed 200 OK in 119ms (Views: 115.1ms | ActiveRecord: 0.0ms)


Started GET "/top" for ::1 at 2020-09-05 09:51:01 +0900
Processing by BookController#top as HTML
  Rendering book/top.html.erb within layouts/application
  Rendered book/top.html.erb within layouts/application (0.5ms)
Completed 200 OK in 110ms (Views: 99.9ms | ActiveRecord: 0.0ms)


Started GET "/top" for ::1 at 2020-09-05 09:51:43 +0900
Processing by BookController#top as HTML
  Rendering book/top.html.erb within layouts/application
  Rendered book/top.html.erb within layouts/application (0.8ms)
Completed 200 OK in 145ms (Views: 142.2ms | ActiveRecord: 0.0ms)


Started GET "/top" for ::1 at 2020-09-05 09:52:22 +0900
Processing by BookController#top as HTML
  Rendering book/top.html.erb within layouts/application
  Rendered book/top.html.erb within layouts/application (1.1ms)
Completed 200 OK in 144ms (Views: 141.5ms | ActiveRecord: 0.0ms)


Started GET "/top" for ::1 at 2020-09-05 09:52:40 +0900
Processing by BookController#top as HTML
  Rendering book/top.html.erb within layouts/application
  Rendered book/top.html.erb within layouts/application (1.2ms)
Completed 200 OK in 138ms (Views: 136.2ms | ActiveRecord: 0.0ms)


Started GET "/top" for ::1 at 2020-09-05 09:52:54 +0900
Processing by BookController#top as HTML
  Rendering book/top.html.erb within layouts/application
  Rendered book/top.html.erb within layouts/application (0.8ms)
Completed 200 OK in 130ms (Views: 127.6ms | ActiveRecord: 0.0ms)


Started GET "/top" for ::1 at 2020-09-05 09:53:07 +0900
Processing by BookController#top as HTML
  Rendering book/top.html.erb within layouts/application
  Rendered book/top.html.erb within layouts/application (0.4ms)
Completed 200 OK in 129ms (Views: 127.4ms | ActiveRecord: 0.0ms)


Started GET "/top" for ::1 at 2020-09-05 09:54:29 +0900
Processing by BookController#top as HTML
  Rendering book/top.html.erb within layouts/application
  Rendered book/top.html.erb within layouts/application (1.2ms)
Completed 200 OK in 126ms (Views: 122.3ms | ActiveRecord: 0.0ms)


Started GET "/top" for ::1 at 2020-09-05 09:55:25 +0900
Processing by BookController#top as HTML
  Rendering book/top.html.erb within layouts/application
  Rendered book/top.html.erb within layouts/application (2.4ms)
Completed 200 OK in 137ms (Views: 133.6ms | ActiveRecord: 0.0ms)


Started GET "/top" for ::1 at 2020-09-05 09:55:43 +0900
Processing by BookController#top as HTML
  Rendering book/top.html.erb within layouts/application
  Rendered book/top.html.erb within layouts/application (0.8ms)
Completed 200 OK in 142ms (Views: 139.6ms | ActiveRecord: 0.0ms)


Started GET "/top" for ::1 at 2020-09-05 09:56:01 +0900
Processing by BookController#top as HTML
  Rendering book/top.html.erb within layouts/application
  Rendered book/top.html.erb within layouts/application (1.1ms)
Completed 200 OK in 101ms (Views: 97.6ms | ActiveRecord: 0.0ms)


Started GET "/top" for ::1 at 2020-09-05 09:56:19 +0900
Processing by BookController#top as HTML
  Rendering book/top.html.erb within layouts/application
  Rendered book/top.html.erb within layouts/application (0.4ms)
Completed 200 OK in 145ms (Views: 142.8ms | ActiveRecord: 0.0ms)


Started GET "/top" for ::1 at 2020-09-05 09:57:51 +0900
Processing by BookController#top as HTML
  Rendering book/top.html.erb within layouts/application
  Rendered book/top.html.erb within layouts/application (0.6ms)
Completed 200 OK in 134ms (Views: 131.8ms | ActiveRecord: 0.0ms)


Started GET "/top" for ::1 at 2020-09-05 09:58:03 +0900
Processing by BookController#top as HTML
  Rendering book/top.html.erb within layouts/application
  Rendered book/top.html.erb within layouts/application (1.0ms)
Completed 200 OK in 147ms (Views: 143.4ms | ActiveRecord: 0.0ms)


Started GET "/top" for ::1 at 2020-09-05 09:58:14 +0900
Processing by BookController#top as HTML
  Rendering book/top.html.erb within layouts/application
  Rendered book/top.html.erb within layouts/application (0.4ms)
Completed 200 OK in 160ms (Views: 156.8ms | ActiveRecord: 0.0ms)


Started GET "/top" for ::1 at 2020-09-05 09:58:57 +0900
Processing by BookController#top as HTML
  Rendering book/top.html.erb within layouts/application
  Rendered book/top.html.erb within layouts/application (0.4ms)
Completed 200 OK in 185ms (Views: 182.1ms | ActiveRecord: 0.0ms)


Started GET "/top" for ::1 at 2020-09-05 09:59:24 +0900
Processing by BookController#top as HTML
  Rendering book/top.html.erb within layouts/application
  Rendered book/top.html.erb within layouts/application (0.6ms)
Completed 200 OK in 100ms (Views: 91.0ms | ActiveRecord: 0.0ms)


Started GET "/top" for ::1 at 2020-09-05 10:01:25 +0900
Processing by BookController#top as HTML
  Rendering book/top.html.erb within layouts/application
  Rendered book/top.html.erb within layouts/application (1.2ms)
Completed 200 OK in 240ms (Views: 223.2ms | ActiveRecord: 0.0ms)


Started GET "/top" for ::1 at 2020-09-05 10:02:22 +0900
Processing by BookController#top as HTML
  Rendering book/top.html.erb within layouts/application
  Rendered book/top.html.erb within layouts/application (0.8ms)
Completed 200 OK in 174ms (Views: 172.0ms | ActiveRecord: 0.0ms)


Started GET "/top" for ::1 at 2020-09-05 10:06:37 +0900
Processing by BookController#top as HTML
  Rendering book/top.html.erb within layouts/application
  Rendered book/top.html.erb within layouts/application (0.4ms)
Completed 200 OK in 175ms (Views: 163.7ms | ActiveRecord: 0.0ms)


Started GET "/top" for ::1 at 2020-09-05 10:08:51 +0900
Processing by BookController#top as HTML
  Rendering book/top.html.erb within layouts/application
  Rendered book/top.html.erb within layouts/application (2.0ms)
Completed 200 OK in 155ms (Views: 150.6ms | ActiveRecord: 0.0ms)


Started GET "/top" for ::1 at 2020-09-05 10:09:27 +0900
Processing by BookController#top as HTML
  Rendering book/top.html.erb within layouts/application
  Rendered book/top.html.erb within layouts/application (0.4ms)
Completed 200 OK in 83ms (Views: 80.5ms | ActiveRecord: 0.0ms)


Started GET "/top" for ::1 at 2020-09-05 10:13:04 +0900
Processing by BookController#top as HTML
  Rendering book/top.html.erb within layouts/application
  Rendered book/top.html.erb within layouts/application (0.5ms)
Completed 200 OK in 120ms (Views: 116.7ms | ActiveRecord: 0.0ms)


Started GET "/top" for ::1 at 2020-09-05 10:13:28 +0900
Processing by BookController#top as HTML
  Rendering book/top.html.erb within layouts/application
  Rendered book/top.html.erb within layouts/application (0.4ms)
Completed 200 OK in 124ms (Views: 114.5ms | ActiveRecord: 0.0ms)


Started GET "/top" for ::1 at 2020-09-05 10:14:16 +0900
Processing by BookController#top as HTML
  Rendering book/top.html.erb within layouts/application
  Rendered book/top.html.erb within layouts/application (1.0ms)
Completed 200 OK in 117ms (Views: 114.8ms | ActiveRecord: 0.0ms)


Started GET "/top" for ::1 at 2020-09-05 10:14:37 +0900
Processing by BookController#top as HTML
  Rendering book/top.html.erb within layouts/application
  Rendered book/top.html.erb within layouts/application (0.6ms)
Completed 200 OK in 195ms (Views: 192.7ms | ActiveRecord: 0.0ms)


Started GET "/top" for ::1 at 2020-09-05 10:16:08 +0900
Processing by BookController#top as HTML
  Rendering book/top.html.erb within layouts/application
  Rendered book/top.html.erb within layouts/application (0.9ms)
Completed 200 OK in 121ms (Views: 117.4ms | ActiveRecord: 0.0ms)


Started GET "/top" for ::1 at 2020-09-05 10:17:08 +0900
Processing by BookController#top as HTML
  Rendering book/top.html.erb within layouts/application
  Rendered book/top.html.erb within layouts/application (1.0ms)
Completed 200 OK in 126ms (Views: 124.3ms | ActiveRecord: 0.0ms)


Started GET "/top" for ::1 at 2020-09-05 10:19:01 +0900
Processing by BookController#top as HTML
  Rendering book/top.html.erb within layouts/application
  Rendered book/top.html.erb within layouts/application (1.7ms)
Completed 200 OK in 121ms (Views: 118.6ms | ActiveRecord: 0.0ms)


